# JRE version: OpenJDK Runtime Environment (8.0_152-b01) (build 1.8.0_152-release-915-b01)
# Java VM: OpenJDK 64-Bit Server VM (25.152-b01 mixed mode linux-amd64 compressed oops)
Heap:
 PSYoungGen      total 102400K, used 24547K [0x00000000e0000000, 0x00000000e8680000, 0x0000000100000000)
  eden space 77824K, 0% used [0x00000000e0000000,0x00000000e0000000,0x00000000e4c00000)
  from space 24576K, 99% used [0x00000000e6e80000,0x00000000e8678ec0,0x00000000e8680000)
  to   space 19456K, 0% used [0x00000000e4c00000,0x00000000e4c00000,0x00000000e5f00000)
 ParOldGen       total 61440K, used 36022K [0x00000000a0000000, 0x00000000a3c00000, 0x00000000e0000000)
  object space 61440K, 58% used [0x00000000a0000000,0x00000000a232d8f0,0x00000000a3c00000)
 Metaspace       used 53477K, capacity 54476K, committed 54952K, reserved 1097728K
  class space    used 6521K, capacity 6791K, committed 6824K, reserved 1048576K
GC Heap History (10 events):
Event: 4,663 GC heap after
Heap after GC invocations=10 (full 2):
 PSYoungGen      total 75776K, used 10280K [0x00000000e0000000, 0x00000000e6180000, 0x0000000100000000)
  eden space 63488K, 0% used [0x00000000e0000000,0x00000000e0000000,0x00000000e3e00000)
  from space 12288K, 83% used [0x00000000e4b00000,0x00000000e550a0e0,0x00000000e5700000)
  to   space 13312K, 0% used [0x00000000e3e00000,0x00000000e3e00000,0x00000000e4b00000)
 ParOldGen       total 38400K, used 17831K [0x00000000a0000000, 0x00000000a2580000, 0x00000000e0000000)
  object space 38400K, 46% used [0x00000000a0000000,0x00000000a1169ea0,0x00000000a2580000)
 Metaspace       used 34682K, capacity 35165K, committed 35496K, reserved 1081344K
  class space    used 4349K, capacity 4503K, committed 4520K, reserved 1048576K
}
Event: 4,663 GC heap before
{Heap before GC invocations=11 (full 3):
 PSYoungGen      total 75776K, used 10280K [0x00000000e0000000, 0x00000000e6180000, 0x0000000100000000)
  eden space 63488K, 0% used [0x00000000e0000000,0x00000000e0000000,0x00000000e3e00000)
  from space 12288K, 83% used [0x00000000e4b00000,0x00000000e550a0e0,0x00000000e5700000)
  to   space 13312K, 0% used [0x00000000e3e00000,0x00000000e3e00000,0x00000000e4b00000)
 ParOldGen       total 38400K, used 17831K [0x00000000a0000000, 0x00000000a2580000, 0x00000000e0000000)
  object space 38400K, 46% used [0x00000000a0000000,0x00000000a1169ea0,0x00000000a2580000)
 Metaspace       used 34682K, capacity 35165K, committed 35496K, reserved 1081344K
  class space    used 4349K, capacity 4503K, committed 4520K, reserved 1048576K
Event: 4,794 GC heap after
Heap after GC invocations=11 (full 3):
 PSYoungGen      total 75776K, used 0K [0x00000000e0000000, 0x00000000e6180000, 0x0000000100000000)
  eden space 63488K, 0% used [0x00000000e0000000,0x00000000e0000000,0x00000000e3e00000)
  from space 12288K, 0% used [0x00000000e4b00000,0x00000000e4b00000,0x00000000e5700000)
  to   space 13312K, 0% used [0x00000000e3e00000,0x00000000e3e00000,0x00000000e4b00000)
 ParOldGen       total 61440K, used 15980K [0x00000000a0000000, 0x00000000a3c00000, 0x00000000e0000000)
  object space 61440K, 26% used [0x00000000a0000000,0x00000000a0f9b0d0,0x00000000a3c00000)
 Metaspace       used 34682K, capacity 35165K, committed 35496K, reserved 1081344K
  class space    used 4349K, capacity 4503K, committed 4520K, reserved 1048576K
}
Event: 6,078 GC heap before
{Heap before GC invocations=12 (full 3):
 PSYoungGen      total 75776K, used 63488K [0x00000000e0000000, 0x00000000e6180000, 0x0000000100000000)
  eden space 63488K, 100% used [0x00000000e0000000,0x00000000e3e00000,0x00000000e3e00000)
  from space 12288K, 0% used [0x00000000e4b00000,0x00000000e4b00000,0x00000000e5700000)
  to   space 13312K, 0% used [0x00000000e3e00000,0x00000000e3e00000,0x00000000e4b00000)
 ParOldGen       total 61440K, used 15980K [0x00000000a0000000, 0x00000000a3c00000, 0x00000000e0000000)
  object space 61440K, 26% used [0x00000000a0000000,0x00000000a0f9b0d0,0x00000000a3c00000)
 Metaspace       used 39974K, capacity 40543K, committed 41000K, reserved 1085440K
  class space    used 4963K, capacity 5122K, committed 5160K, reserved 1048576K
Event: 6,091 GC heap after
Heap after GC invocations=12 (full 3):
 PSYoungGen      total 76800K, used 13042K [0x00000000e0000000, 0x00000000e7200000, 0x0000000100000000)
  eden space 63488K, 0% used [0x00000000e0000000,0x00000000e0000000,0x00000000e3e00000)
  from space 13312K, 97% used [0x00000000e3e00000,0x00000000e4abcae0,0x00000000e4b00000)
  to   space 15360K, 0% used [0x00000000e6300000,0x00000000e6300000,0x00000000e7200000)
 ParOldGen       total 61440K, used 15988K [0x00000000a0000000, 0x00000000a3c00000, 0x00000000e0000000)
  object space 61440K, 26% used [0x00000000a0000000,0x00000000a0f9d0d0,0x00000000a3c00000)
 Metaspace       used 39974K, capacity 40543K, committed 41000K, reserved 1085440K
  class space    used 4963K, capacity 5122K, committed 5160K, reserved 1048576K
}
Event: 7,712 GC heap before
{Heap before GC invocations=13 (full 3):
 PSYoungGen      total 76800K, used 76530K [0x00000000e0000000, 0x00000000e7200000, 0x0000000100000000)
  eden space 63488K, 100% used [0x00000000e0000000,0x00000000e3e00000,0x00000000e3e00000)
  from space 13312K, 97% used [0x00000000e3e00000,0x00000000e4abcae0,0x00000000e4b00000)
  to   space 15360K, 0% used [0x00000000e6300000,0x00000000e6300000,0x00000000e7200000)
 ParOldGen       total 61440K, used 15988K [0x00000000a0000000, 0x00000000a3c00000, 0x00000000e0000000)
  object space 61440K, 26% used [0x00000000a0000000,0x00000000a0f9d0d0,0x00000000a3c00000)
 Metaspace       used 45960K, capacity 46746K, committed 47272K, reserved 1091584K
  class space    used 5781K, capacity 6004K, committed 6056K, reserved 1048576K
Event: 7,732 GC heap after
Heap after GC invocations=13 (full 3):
 PSYoungGen      total 91648K, used 15341K [0x00000000e0000000, 0x00000000e7200000, 0x0000000100000000)
  eden space 76288K, 0% used [0x00000000e0000000,0x00000000e0000000,0x00000000e4a80000)
  from space 15360K, 99% used [0x00000000e6300000,0x00000000e71fb708,0x00000000e7200000)
  to   space 19456K, 0% used [0x00000000e4c00000,0x00000000e4c00000,0x00000000e5f00000)
 ParOldGen       total 61440K, used 21384K [0x00000000a0000000, 0x00000000a3c00000, 0x00000000e0000000)
  object space 61440K, 34% used [0x00000000a0000000,0x00000000a14e2050,0x00000000a3c00000)
 Metaspace       used 45960K, capacity 46746K, committed 47272K, reserved 1091584K
  class space    used 5781K, capacity 6004K, committed 6056K, reserved 1048576K
}
Event: 384,942 GC heap before
{Heap before GC invocations=14 (full 3):
 PSYoungGen      total 91648K, used 91629K [0x00000000e0000000, 0x00000000e7200000, 0x0000000100000000)
  eden space 76288K, 100% used [0x00000000e0000000,0x00000000e4a80000,0x00000000e4a80000)
  from space 15360K, 99% used [0x00000000e6300000,0x00000000e71fb708,0x00000000e7200000)
  to   space 19456K, 0% used [0x00000000e4c00000,0x00000000e4c00000,0x00000000e5f00000)
 ParOldGen       total 61440K, used 21384K [0x00000000a0000000, 0x00000000a3c00000, 0x00000000e0000000)
  object space 61440K, 34% used [0x00000000a0000000,0x00000000a14e2050,0x00000000a3c00000)
 Metaspace       used 53264K, capacity 54212K, committed 54696K, reserved 1097728K
  class space    used 6521K, capacity 6791K, committed 6824K, reserved 1048576K
Event: 384,978 GC heap after
Heap after GC invocations=14 (full 3):
 PSYoungGen      total 97280K, used 19450K [0x00000000e0000000, 0x00000000e8680000, 0x0000000100000000)
  eden space 77824K, 0% used [0x00000000e0000000,0x00000000e0000000,0x00000000e4c00000)
  from space 19456K, 99% used [0x00000000e4c00000,0x00000000e5efe810,0x00000000e5f00000)
  to   space 24576K, 0% used [0x00000000e6e80000,0x00000000e6e80000,0x00000000e8680000)
 ParOldGen       total 61440K, used 27720K [0x00000000a0000000, 0x00000000a3c00000, 0x00000000e0000000)
  object space 61440K, 45% used [0x00000000a0000000,0x00000000a1b12098,0x00000000a3c00000)
 Metaspace       used 53264K, capacity 54212K, committed 54696K, reserved 1097728K
  class space    used 6521K, capacity 6791K, committed 6824K, reserved 1048576K
}
Event: 385,826 GC heap before
{Heap before GC invocations=15 (full 3):
 PSYoungGen      total 97280K, used 97274K [0x00000000e0000000, 0x00000000e8680000, 0x0000000100000000)
  eden space 77824K, 100% used [0x00000000e0000000,0x00000000e4c00000,0x00000000e4c00000)
  from space 19456K, 99% used [0x00000000e4c00000,0x00000000e5efe810,0x00000000e5f00000)
  to   space 24576K, 0% used [0x00000000e6e80000,0x00000000e6e80000,0x00000000e8680000)
 ParOldGen       total 61440K, used 27720K [0x00000000a0000000, 0x00000000a3c00000, 0x00000000e0000000)
  object space 61440K, 45% used [0x00000000a0000000,0x00000000a1b12098,0x00000000a3c00000)
 Metaspace       used 53477K, capacity 54476K, committed 54952K, reserved 1097728K
  class space    used 6521K, capacity 6791K, committed 6824K, reserved 1048576K

