# JRE version: OpenJDK Runtime Environment (8.0_152-b01) (build 1.8.0_152-release-915-b01)
# Java VM: OpenJDK 64-Bit Server VM (25.152-b01 mixed mode linux-amd64 compressed oops)
Heap:
 PSYoungGen      total 126976K, used 0K [0x00000000e0000000, 0x00000000ec700000, 0x0000000100000000)
  eden space 83456K, 0% used [0x00000000e0000000,0x00000000e0000000,0x00000000e5180000)
  from space 43520K, 0% used [0x00000000e5180000,0x00000000e5180000,0x00000000e7c00000)
  to   space 48128K, 0% used [0x00000000e9800000,0x00000000e9800000,0x00000000ec700000)
 ParOldGen       total 63488K, used 44354K [0x00000000a0000000, 0x00000000a3e00000, 0x00000000e0000000)
  object space 63488K, 69% used [0x00000000a0000000,0x00000000a2b50948,0x00000000a3e00000)
 Metaspace       used 55142K, capacity 56202K, committed 56488K, reserved 1099776K
  class space    used 6542K, capacity 6808K, committed 6824K, reserved 1048576K
GC Heap History (10 events):
Event: 21,183 GC heap after
Heap after GC invocations=14 (full 3):
 PSYoungGen      total 87552K, used 18418K [0x00000000e0000000, 0x00000000e7f80000, 0x0000000100000000)
  eden space 69120K, 0% used [0x00000000e0000000,0x00000000e0000000,0x00000000e4380000)
  from space 18432K, 99% used [0x00000000e4380000,0x00000000e557cb40,0x00000000e5580000)
  to   space 24576K, 0% used [0x00000000e6780000,0x00000000e6780000,0x00000000e7f80000)
 ParOldGen       total 63488K, used 29388K [0x00000000a0000000, 0x00000000a3e00000, 0x00000000e0000000)
  object space 63488K, 46% used [0x00000000a0000000,0x00000000a1cb32e8,0x00000000a3e00000)
 Metaspace       used 48865K, capacity 49722K, committed 50216K, reserved 1093632K
  class space    used 6109K, capacity 6368K, committed 6440K, reserved 1048576K
}
Event: 22,187 GC heap before
{Heap before GC invocations=15 (full 3):
 PSYoungGen      total 87552K, used 87538K [0x00000000e0000000, 0x00000000e7f80000, 0x0000000100000000)
  eden space 69120K, 100% used [0x00000000e0000000,0x00000000e4380000,0x00000000e4380000)
  from space 18432K, 99% used [0x00000000e4380000,0x00000000e557cb40,0x00000000e5580000)
  to   space 24576K, 0% used [0x00000000e6780000,0x00000000e6780000,0x00000000e7f80000)
 ParOldGen       total 63488K, used 29388K [0x00000000a0000000, 0x00000000a3e00000, 0x00000000e0000000)
  object space 63488K, 46% used [0x00000000a0000000,0x00000000a1cb32e8,0x00000000a3e00000)
 Metaspace       used 49457K, capacity 50318K, committed 50728K, reserved 1093632K
  class space    used 6126K, capacity 6380K, committed 6440K, reserved 1048576K
Event: 22,260 GC heap after
Heap after GC invocations=15 (full 3):
 PSYoungGen      total 98816K, used 24553K [0x00000000e0000000, 0x00000000e9300000, 0x0000000100000000)
  eden space 74240K, 0% used [0x00000000e0000000,0x00000000e0000000,0x00000000e4880000)
  from space 24576K, 99% used [0x00000000e6780000,0x00000000e7f7a510,0x00000000e7f80000)
  to   space 31744K, 0% used [0x00000000e4880000,0x00000000e4880000,0x00000000e6780000)
 ParOldGen       total 63488K, used 37974K [0x00000000a0000000, 0x00000000a3e00000, 0x00000000e0000000)
  object space 63488K, 59% used [0x00000000a0000000,0x00000000a2515868,0x00000000a3e00000)
 Metaspace       used 49457K, capacity 50318K, committed 50728K, reserved 1093632K
  class space    used 6126K, capacity 6380K, committed 6440K, reserved 1048576K
}
Event: 260,226 GC heap before
{Heap before GC invocations=16 (full 3):
 PSYoungGen      total 98816K, used 98793K [0x00000000e0000000, 0x00000000e9300000, 0x0000000100000000)
  eden space 74240K, 100% used [0x00000000e0000000,0x00000000e4880000,0x00000000e4880000)
  from space 24576K, 99% used [0x00000000e6780000,0x00000000e7f7a510,0x00000000e7f80000)
  to   space 31744K, 0% used [0x00000000e4880000,0x00000000e4880000,0x00000000e6780000)
 ParOldGen       total 63488K, used 37974K [0x00000000a0000000, 0x00000000a3e00000, 0x00000000e0000000)
  object space 63488K, 59% used [0x00000000a0000000,0x00000000a2515868,0x00000000a3e00000)
 Metaspace       used 54157K, capacity 55160K, committed 55464K, reserved 1097728K
  class space    used 6526K, capacity 6805K, committed 6824K, reserved 1048576K
Event: 260,262 GC heap after
Heap after GC invocations=16 (full 3):
 PSYoungGen      total 105984K, used 29620K [0x00000000e0000000, 0x00000000e9f80000, 0x0000000100000000)
  eden space 74240K, 0% used [0x00000000e0000000,0x00000000e0000000,0x00000000e4880000)
  from space 31744K, 93% used [0x00000000e4880000,0x00000000e656d038,0x00000000e6780000)
  to   space 36352K, 0% used [0x00000000e7c00000,0x00000000e7c00000,0x00000000e9f80000)
 ParOldGen       total 63488K, used 42906K [0x00000000a0000000, 0x00000000a3e00000, 0x00000000e0000000)
  object space 63488K, 67% used [0x00000000a0000000,0x00000000a29e6b50,0x00000000a3e00000)
 Metaspace       used 54157K, capacity 55160K, committed 55464K, reserved 1097728K
  class space    used 6526K, capacity 6805K, committed 6824K, reserved 1048576K
}
Event: 261,127 GC heap before
{Heap before GC invocations=17 (full 3):
 PSYoungGen      total 105984K, used 103860K [0x00000000e0000000, 0x00000000e9f80000, 0x0000000100000000)
  eden space 74240K, 100% used [0x00000000e0000000,0x00000000e4880000,0x00000000e4880000)
  from space 31744K, 93% used [0x00000000e4880000,0x00000000e656d038,0x00000000e6780000)
  to   space 36352K, 0% used [0x00000000e7c00000,0x00000000e7c00000,0x00000000e9f80000)
 ParOldGen       total 63488K, used 42906K [0x00000000a0000000, 0x00000000a3e00000, 0x00000000e0000000)
  object space 63488K, 67% used [0x00000000a0000000,0x00000000a29e6b50,0x00000000a3e00000)
 Metaspace       used 54402K, capacity 55416K, committed 55720K, reserved 1097728K
  class space    used 6526K, capacity 6805K, committed 6824K, reserved 1048576K
Event: 261,254 GC heap after
Heap after GC invocations=17 (full 3):
 PSYoungGen      total 119808K, used 36336K [0x00000000e0000000, 0x00000000eb580000, 0x0000000100000000)
  eden space 83456K, 0% used [0x00000000e0000000,0x00000000e0000000,0x00000000e5180000)
  from space 36352K, 99% used [0x00000000e7c00000,0x00000000e9f7c060,0x00000000e9f80000)
  to   space 43520K, 0% used [0x00000000e5180000,0x00000000e5180000,0x00000000e7c00000)
 ParOldGen       total 63488K, used 47225K [0x00000000a0000000, 0x00000000a3e00000, 0x00000000e0000000)
  object space 63488K, 74% used [0x00000000a0000000,0x00000000a2e1e4b0,0x00000000a3e00000)
 Metaspace       used 54402K, capacity 55416K, committed 55720K, reserved 1097728K
  class space    used 6526K, capacity 6805K, committed 6824K, reserved 1048576K
}
Event: 315,400 GC heap before
{Heap before GC invocations=18 (full 3):
 PSYoungGen      total 119808K, used 119792K [0x00000000e0000000, 0x00000000eb580000, 0x0000000100000000)
  eden space 83456K, 100% used [0x00000000e0000000,0x00000000e5180000,0x00000000e5180000)
  from space 36352K, 99% used [0x00000000e7c00000,0x00000000e9f7c060,0x00000000e9f80000)
  to   space 43520K, 0% used [0x00000000e5180000,0x00000000e5180000,0x00000000e7c00000)
 ParOldGen       total 63488K, used 47225K [0x00000000a0000000, 0x00000000a3e00000, 0x00000000e0000000)
  object space 63488K, 74% used [0x00000000a0000000,0x00000000a2e1e4b0,0x00000000a3e00000)
 Metaspace       used 55142K, capacity 56202K, committed 56488K, reserved 1099776K
  class space    used 6542K, capacity 6808K, committed 6824K, reserved 1048576K
Event: 315,519 GC heap after
Heap after GC invocations=18 (full 3):
 PSYoungGen      total 126976K, used 36807K [0x00000000e0000000, 0x00000000ec700000, 0x0000000100000000)
  eden space 83456K, 0% used [0x00000000e0000000,0x00000000e0000000,0x00000000e5180000)
  from space 43520K, 84% used [0x00000000e5180000,0x00000000e7571c60,0x00000000e7c00000)
  to   space 48128K, 0% used [0x00000000e9800000,0x00000000e9800000,0x00000000ec700000)
 ParOldGen       total 63488K, used 58010K [0x00000000a0000000, 0x00000000a3e00000, 0x00000000e0000000)
  object space 63488K, 91% used [0x00000000a0000000,0x00000000a38a6868,0x00000000a3e00000)
 Metaspace       used 55142K, capacity 56202K, committed 56488K, reserved 1099776K
  class space    used 6542K, capacity 6808K, committed 6824K, reserved 1048576K
}
Event: 315,519 GC heap before
{Heap before GC invocations=19 (full 4):
 PSYoungGen      total 126976K, used 36807K [0x00000000e0000000, 0x00000000ec700000, 0x0000000100000000)
  eden space 83456K, 0% used [0x00000000e0000000,0x00000000e0000000,0x00000000e5180000)
  from space 43520K, 84% used [0x00000000e5180000,0x00000000e7571c60,0x00000000e7c00000)
  to   space 48128K, 0% used [0x00000000e9800000,0x00000000e9800000,0x00000000ec700000)
 ParOldGen       total 63488K, used 58010K [0x00000000a0000000, 0x00000000a3e00000, 0x00000000e0000000)
  object space 63488K, 91% used [0x00000000a0000000,0x00000000a38a6868,0x00000000a3e00000)
 Metaspace       used 55142K, capacity 56202K, committed 56488K, reserved 1099776K
  class space    used 6542K, capacity 6808K, committed 6824K, reserved 1048576K

